<?xml version="1.0" encoding="UTF-8"?>
<testsuite name="MusicAdvisorTest" tests="1" skipped="0" failures="0" errors="0" timestamp="2024-11-27T14:52:20" hostname="HAL955" time="5.876">
  <properties/>
  <testcase name="start" classname="MusicAdvisorTest" time="5.876"/>
  <system-out><![CDATA[?[1;31m
Start test 1?[0m
> auth
use this link to request the access code:
http://127.0.0.1:56788/authorize?client_id=e508e7306ef84fcd9a8769cac582b977&redirect_uri=http://localhost:8080&response_type=code
waiting for code...
?[0;34mTester> Making requests to 'redirect_uri': http://localhost:8080
?[0m?[0;34mTester> Made request 1: Authorization code not found. Try again.
?[0m?[0;34mTester> Made request 2: Authorization code not found. Try again.
code received
making http request for access_token...
?[0m?[0;34mTester> Made request 3: Got the code. Return back to your program.
response:
---SUCCESS---
> exit
---GOODBYE!---
?[1;31m
Start test 2?[0m
> auth
use this link to request the access code:
http://127.0.0.1:56788/authorize?client_id=e508e7306ef84fcd9a8769cac582b977&redirect_uri=http://localhost:8080&response_type=code
waiting for code...
?[0;34mTester> Making requests to 'redirect_uri': http://localhost:8080
?[0m?[0;34mTester> Made request 1: Authorization code not found. Try again.
?[0m?[0;34mTester> Made request 2: Authorization code not found. Try again.
code received
making http request for access_token...
?[0m?[0;34mTester> Made request 3: Got the code. Return back to your program.
response:
---SUCCESS---
> categories
http://127.0.0.1:56789/v1/browse/categories
Top Lists
Super Mood
Party Time
> exit
---GOODBYE!---
?[1;31m
Start test 3?[0m
> categories
Please, provide access for application.
> exit
---GOODBYE---
?[1;31m
Start test 4?[0m
> auth
use this link to request the access code:
http://127.0.0.1:56788/authorize?client_id=e508e7306ef84fcd9a8769cac582b977&redirect_uri=http://localhost:8080&response_type=code
waiting for code...
?[0;34mTester> Making requests to 'redirect_uri': http://localhost:8080
?[0m?[0;34mTester> Made request 1: Authorization code not found. Try again.
?[0m?[0;34mTester> Made request 2: Authorization code not found. Try again.
code received
making http request for access_token...
?[0m?[0;34mTester> Made request 3: Got the code. Return back to your program.
response:
---SUCCESS---
> featured
Monday Morning Mood
http://open.spotify.com/user/spotify/playlist/6ftJBzU2LLQcaKefMi7ee7

Upp och hoppa!
http://open.spotify.com/user/spotify__sverige/playlist/4uOEx4OUrkoGNZoIlWMUbO

> exit
---GOODBYE!---
?[1;31m
Start test 5?[0m
> featured
Please, provide access for application.
> exit
---GOODBYE---
?[1;31m
Start test 6?[0m
> auth
use this link to request the access code:
http://127.0.0.1:56788/authorize?client_id=e508e7306ef84fcd9a8769cac582b977&redirect_uri=http://localhost:8080&response_type=code
waiting for code...
?[0;34mTester> Making requests to 'redirect_uri': http://localhost:8080
?[0m?[0;34mTester> Made request 1: Authorization code not found. Try again.
?[0m?[0;34mTester> Made request 2: Authorization code not found. Try again.
code received
making http request for access_token...
?[0m?[0;34mTester> Made request 3: Got the code. Return back to your program.
response:
---SUCCESS---
> new
Runnin'
[Pharrell Williams]
https://open.spotify.com/album/5ZX4m5aVSmWQ5iHAPQpT71

Sneakin'
[Drake2, Drake3]
https://open.spotify.com/album/0geTzdk2InlqIoB16fW9Nd

> exit
---GOODBYE!---
?[1;31m
Start test 7?[0m
> new
Please, provide access for application.
> exit
---GOODBYE---
?[1;31m
Start test 8?[0m
> auth
use this link to request the access code:
http://127.0.0.1:56788/authorize?client_id=e508e7306ef84fcd9a8769cac582b977&redirect_uri=http://localhost:8080&response_type=code
waiting for code...
?[0;34mTester> Making requests to 'redirect_uri': http://localhost:8080
?[0m?[0;34mTester> Made request 1: Authorization code not found. Try again.
?[0m?[0;34mTester> Made request 2: Authorization code not found. Try again.
code received
making http request for access_token...
?[0m?[0;34mTester> Made request 3: Got the code. Return back to your program.
response:
---SUCCESS---
> playlists Party Time
party
Noite Eletronica
http://open.spotify.com/user/spotifybrazilian/playlist/4k7EZPI3uKMz4aRRrLVfen

Festa Indie
http://open.spotify.com/user/spotifybrazilian/playlist/4HZh0C9y80GzHDbHZyX770

> exit
---GOODBYE!---
?[1;31m
Start test 9?[0m
> playlists Party Time
Please, provide access for application.
> exit
---GOODBYE---
?[1;31m
Start test 10?[0m
> auth
use this link to request the access code:
http://127.0.0.1:56788/authorize?client_id=e508e7306ef84fcd9a8769cac582b977&redirect_uri=http://localhost:8080&response_type=code
waiting for code...
?[0;34mTester> Making requests to 'redirect_uri': http://localhost:8080
?[0m?[0;34mTester> Made request 1: Authorization code not found. Try again.
?[0m?[0;34mTester> Made request 2: Authorization code not found. Try again.
code received
making http request for access_token...
?[0m?[0;34mTester> Made request 3: Got the code. Return back to your program.
response:
---SUCCESS---
> playlists Top Lists
toplists
{"error":{"status":404,"message":"Test unpredictable error message"}}
> exit
---GOODBYE!---
?[1;31m
Start test 11?[0m
> auth
use this link to request the access code:
http://127.0.0.1:56788/authorize?client_id=e508e7306ef84fcd9a8769cac582b977&redirect_uri=http://localhost:8080&response_type=code
waiting for code...
?[0;34mTester> Making requests to 'redirect_uri': http://localhost:8080
?[0m?[0;34mTester> Made request 1: Authorization code not found. Try again.
?[0m?[0;34mTester> Made request 2: Authorization code not found. Try again.
code received
making http request for access_token...
?[0m?[0;34mTester> Made request 3: Got the code. Return back to your program.
response:
---SUCCESS---
> playlists Party Time
party
Noite Eletronica
http://open.spotify.com/user/spotifybrazilian/playlist/4k7EZPI3uKMz4aRRrLVfen

Festa Indie
http://open.spotify.com/user/spotifybrazilian/playlist/4HZh0C9y80GzHDbHZyX770

> exit
---GOODBYE!---
]]></system-out>
  <system-err><![CDATA[]]></system-err>
</testsuite>
